nohup: ignoring input
WARNING:torch.distributed.run:
*****************************************
Setting OMP_NUM_THREADS environment variable for each process to be 1 in default, to avoid your system being overloaded, please further tune the variable for optimal performance in your application as needed. 
*****************************************
/home/gwiazale/AR-VAE/data/dataset.py:199: SettingWithCopyWarning: 
A value is trying to be set on a copy of a slice from a DataFrame.
Try using .loc[row_indexer,col_indexer] = value instead

See the caveats in the documentation: https://pandas.pydata.org/pandas-docs/stable/user_guide/indexing.html#returning-a-view-versus-a-copy
  pos_dataset.loc[:, 'Label'] = 1
/home/gwiazale/AR-VAE/data/dataset.py:199: SettingWithCopyWarning: 
A value is trying to be set on a copy of a slice from a DataFrame.
Try using .loc[row_indexer,col_indexer] = value instead

See the caveats in the documentation: https://pandas.pydata.org/pandas-docs/stable/user_guide/indexing.html#returning-a-view-versus-a-copy
  pos_dataset.loc[:, 'Label'] = 1
ClearML Task: overwriting (reusing) task id=87bafae7b5b243c1a9553a40e03c3129
Torch Distributed Local Rank 1 Task ID 87bafae7b5b243c1a9553a40e03c3129 detected
2025-05-04 18:08:14,388 - clearml.Task - WARNING - Torch Distributed execution detected: Failed Detecting launch arguments, skipping
ClearML results page: https://app.clear.ml/projects/3fd79a1843204536988a99bd61947a17/experiments/87bafae7b5b243c1a9553a40e03c3129/output/log
  0%|          | 0/10000 [00:00<?, ?it/s]  0%|          | 0/10000 [00:00<?, ?it/s]ClearML Monitor: Could not detect iteration reporting, falling back to iterations as seconds-from-start
